c:\users\javier espindola\source\repos\soldado\soldado\debug\vc142.pdb
c:\users\javier espindola\source\repos\soldado\soldado\debug\vc142.idb
c:\users\javier espindola\source\repos\soldado\soldado\debug\source.obj
c:\users\javier espindola\source\repos\soldado\soldado\debug\soldado.obj
c:\users\javier espindola\source\repos\soldado\soldado\debug\rifle.obj
c:\users\javier espindola\source\repos\soldado\soldado\debug\revolver.obj
c:\users\javier espindola\source\repos\soldado\soldado\debug\menu.obj
c:\users\javier espindola\source\repos\soldado\soldado\debug\escopeta.obj
c:\users\javier espindola\source\repos\soldado\soldado\debug\arma.obj
c:\users\javier espindola\source\repos\soldado\debug\soldado.exe
c:\users\javier espindola\source\repos\soldado\soldado\debug\soldado.ilk
c:\users\javier espindola\source\repos\soldado\debug\soldado.pdb
c:\users\javier espindola\source\repos\soldado\soldado\debug\revolver.obj.enc
c:\users\javier espindola\source\repos\soldado\soldado\debug\soldado.obj.enc
c:\users\javier espindola\source\repos\soldado\soldado\debug\source.obj.enc
c:\users\javier espindola\source\repos\soldado\soldado\debug\arma.nativecodeanalysis.xml
c:\users\javier espindola\source\repos\soldado\soldado\debug\escopeta.nativecodeanalysis.xml
c:\users\javier espindola\source\repos\soldado\soldado\debug\menu.nativecodeanalysis.xml
c:\users\javier espindola\source\repos\soldado\soldado\debug\revolver.nativecodeanalysis.xml
c:\users\javier espindola\source\repos\soldado\soldado\debug\rifle.nativecodeanalysis.xml
c:\users\javier espindola\source\repos\soldado\soldado\debug\soldado.nativecodeanalysis.xml
c:\users\javier espindola\source\repos\soldado\soldado\debug\source.nativecodeanalysis.xml
c:\users\javier espindola\source\repos\soldado\soldado\debug\vc.nativecodeanalysis.all.xml
c:\users\javier espindola\source\repos\soldado\soldado\debug\soldado.tlog\cl.command.1.tlog
c:\users\javier espindola\source\repos\soldado\soldado\debug\soldado.tlog\cl.read.1.tlog
c:\users\javier espindola\source\repos\soldado\soldado\debug\soldado.tlog\cl.write.1.tlog
c:\users\javier espindola\source\repos\soldado\soldado\debug\soldado.tlog\link.command.1.tlog
c:\users\javier espindola\source\repos\soldado\soldado\debug\soldado.tlog\link.read.1.tlog
c:\users\javier espindola\source\repos\soldado\soldado\debug\soldado.tlog\link.write.1.tlog
